0 info it worked if it ends with ok
1 verbose cli [ '/usr/local/Cellar/node/7.3.0/bin/node',
1 verbose cli   '/usr/local/bin/npm',
1 verbose cli   'run',
1 verbose cli   'test' ]
2 info using npm@3.10.10
3 info using node@v7.3.0
4 verbose run-script [ 'pretest', 'test', 'posttest' ]
5 info lifecycle my-project@1.0.0~pretest: my-project@1.0.0
6 silly lifecycle my-project@1.0.0~pretest: no script for pretest, continuing
7 info lifecycle my-project@1.0.0~test: my-project@1.0.0
8 verbose lifecycle my-project@1.0.0~test: unsafe-perm in lifecycle true
9 verbose lifecycle my-project@1.0.0~test: PATH: /usr/local/lib/node_modules/npm/bin/node-gyp-bin:/Users/vz/Projects/react-chat/node_modules/.bin:/usr/local/Cellar/node/7.3.0/bin:/Library/Frameworks/Python.framework/Versions/3.6/bin:/Library/Frameworks/Python.framework/Versions/2.7/bin:/usr/local/bin:/usr/bin:/bin:/usr/sbin:/sbin
10 verbose lifecycle my-project@1.0.0~test: CWD: /Users/vz/Projects/react-chat
11 silly lifecycle my-project@1.0.0~test: Args: [ '-c', 'node ./node_modules/karma/bin/karma start karma.conf' ]
12 silly lifecycle my-project@1.0.0~test: Returned: code: 1  signal: null
13 info lifecycle my-project@1.0.0~test: Failed to exec test script
14 verbose stack Error: my-project@1.0.0 test: `node ./node_modules/karma/bin/karma start karma.conf`
14 verbose stack Exit status 1
14 verbose stack     at EventEmitter.<anonymous> (/usr/local/lib/node_modules/npm/lib/utils/lifecycle.js:255:16)
14 verbose stack     at emitTwo (events.js:106:13)
14 verbose stack     at EventEmitter.emit (events.js:191:7)
14 verbose stack     at ChildProcess.<anonymous> (/usr/local/lib/node_modules/npm/lib/utils/spawn.js:40:14)
14 verbose stack     at emitTwo (events.js:106:13)
14 verbose stack     at ChildProcess.emit (events.js:191:7)
14 verbose stack     at maybeClose (internal/child_process.js:885:16)
14 verbose stack     at Process.ChildProcess._handle.onexit (internal/child_process.js:226:5)
15 verbose pkgid my-project@1.0.0
16 verbose cwd /Users/vz/Projects/react-chat
17 error Darwin 16.4.0
18 error argv "/usr/local/Cellar/node/7.3.0/bin/node" "/usr/local/bin/npm" "run" "test"
19 error node v7.3.0
20 error npm  v3.10.10
21 error code ELIFECYCLE
22 error my-project@1.0.0 test: `node ./node_modules/karma/bin/karma start karma.conf`
22 error Exit status 1
23 error Failed at the my-project@1.0.0 test script 'node ./node_modules/karma/bin/karma start karma.conf'.
23 error Make sure you have the latest version of node.js and npm installed.
23 error If you do, this is most likely a problem with the my-project package,
23 error not with npm itself.
23 error Tell the author that this fails on your system:
23 error     node ./node_modules/karma/bin/karma start karma.conf
23 error You can get information on how to open an issue for this project with:
23 error     npm bugs my-project
23 error Or if that isn't available, you can get their info via:
23 error     npm owner ls my-project
23 error There is likely additional logging output above.
24 verbose exit [ 1, true ]
